<?xml version="1.0" encoding="UTF-8"?>
<!-- Generated by org.testng.reporters.JUnitReportReporter -->
<testsuite hostname="WMP-2015080004" name="org.gradle.setup" tests="1" failures="0" timestamp="22 Aug 2017 11:35:35 GMT" time="15.877" errors="0">
  <testcase name="checkfirstpopup" time="15.877" classname="org.gradle.setup"/>
</testsuite> <!-- org.gradle.setup -->
